mode: set
pimp-lib/pkg/packet/packet.go:16.48,19.76 2 1
pimp-lib/pkg/packet/packet.go:19.76,21.3 1 0
pimp-lib/pkg/packet/packet.go:22.2,22.73 1 1
pimp-lib/pkg/packet/packet.go:22.73,24.3 1 0
pimp-lib/pkg/packet/packet.go:25.2,25.89 1 1
pimp-lib/pkg/packet/packet.go:25.89,27.3 1 0
pimp-lib/pkg/packet/packet.go:30.2,30.53 1 1
pimp-lib/pkg/packet/packet.go:30.53,32.3 1 0
pimp-lib/pkg/packet/packet.go:35.2,36.70 2 1
pimp-lib/pkg/packet/packet.go:36.70,38.3 1 0
pimp-lib/pkg/packet/packet.go:40.2,40.25 1 1
pimp-lib/pkg/packet/packet.go:43.47,48.76 3 1
pimp-lib/pkg/packet/packet.go:48.76,50.3 1 0
pimp-lib/pkg/packet/packet.go:51.2,51.73 1 1
pimp-lib/pkg/packet/packet.go:51.73,53.3 1 0
pimp-lib/pkg/packet/packet.go:55.2,56.68 2 1
pimp-lib/pkg/packet/packet.go:56.68,58.3 1 1
pimp-lib/pkg/packet/packet.go:61.2,62.76 2 1
pimp-lib/pkg/packet/packet.go:62.76,64.3 1 0
pimp-lib/pkg/packet/packet.go:67.2,68.78 2 1
pimp-lib/pkg/packet/packet.go:68.78,70.3 1 0
pimp-lib/pkg/packet/packet.go:71.2,72.44 2 1
pimp-lib/pkg/packet/packet.go:72.44,74.3 1 1
pimp-lib/pkg/packet/packet.go:76.2,76.20 1 1
